INFO  2021-06-11 17:55:08 [main] lesson6.LoggerApp (LoggerApp.java:11) - Info
WARN  2021-06-11 17:55:08 [main] lesson6.LoggerApp (LoggerApp.java:12) - Warn
ERROR 2021-06-11 17:55:08 [main] lesson6.LoggerApp (LoggerApp.java:13) - Error
FATAL 2021-06-11 17:55:08 [main] lesson6.LoggerApp (LoggerApp.java:14) - Fatal
INFO  2021-06-11 17:55:08 [main] lesson6.LoggerApp (LoggerApp.java:15) - String: Hello, World.
INFO  2021-06-14 16:37:30 [main] lesson6.LoggerApp (LoggerApp.java:11) - Info
WARN  2021-06-14 16:37:30 [main] lesson6.LoggerApp (LoggerApp.java:12) - Warn
ERROR 2021-06-14 16:37:30 [main] lesson6.LoggerApp (LoggerApp.java:13) - Error
FATAL 2021-06-14 16:37:30 [main] lesson6.LoggerApp (LoggerApp.java:14) - Fatal
INFO  2021-06-14 16:37:30 [main] lesson6.LoggerApp (LoggerApp.java:15) - String: Hello, World.
INFO  2021-06-14 17:01:46 [main] lesson6.LoggerApp (LoggerApp.java:11) - Info
WARN  2021-06-14 17:01:46 [main] lesson6.LoggerApp (LoggerApp.java:12) - Warn
ERROR 2021-06-14 17:01:46 [main] lesson6.LoggerApp (LoggerApp.java:13) - Error
FATAL 2021-06-14 17:01:46 [main] lesson6.LoggerApp (LoggerApp.java:14) - Fatal
INFO  2021-06-14 17:01:46 [main] lesson6.LoggerApp (LoggerApp.java:15) - String: Hello, World.
INFO  2021-06-14 17:11:02 [main] lesson6.LoggerApp (LoggerApp.java:11) - Info
WARN  2021-06-14 17:11:02 [main] lesson6.LoggerApp (LoggerApp.java:12) - Warn
ERROR 2021-06-14 17:11:02 [main] lesson6.LoggerApp (LoggerApp.java:13) - Error
FATAL 2021-06-14 17:11:02 [main] lesson6.LoggerApp (LoggerApp.java:14) - Fatal
INFO  2021-06-14 17:11:02 [main] lesson6.LoggerApp (LoggerApp.java:15) - String: Hello, World.
INFO  2021-06-14 17:16:50 [main] lesson6.LoggerApp (LoggerApp.java:11) - Info
WARN  2021-06-14 17:16:50 [main] lesson6.LoggerApp (LoggerApp.java:12) - Warn
ERROR 2021-06-14 17:16:50 [main] lesson6.LoggerApp (LoggerApp.java:13) - Error
FATAL 2021-06-14 17:16:50 [main] lesson6.LoggerApp (LoggerApp.java:14) - Fatal
INFO  2021-06-14 17:16:50 [main] lesson6.LoggerApp (LoggerApp.java:15) - String: Hello, World.
INFO  2021-06-14 17:21:41 [main] lesson6.LoggerApp (LoggerApp.java:11) - Info
WARN  2021-06-14 17:21:41 [main] lesson6.LoggerApp (LoggerApp.java:12) - Warn
ERROR 2021-06-14 17:21:41 [main] lesson6.LoggerApp (LoggerApp.java:13) - Error
FATAL 2021-06-14 17:21:41 [main] lesson6.LoggerApp (LoggerApp.java:14) - Fatal
INFO  2021-06-14 17:21:41 [main] lesson6.LoggerApp (LoggerApp.java:15) - String: Hello, World.
INFO  2021-06-14 17:21:55 [main] lesson6.LoggerApp (LoggerApp.java:11) - Info
WARN  2021-06-14 17:21:55 [main] lesson6.LoggerApp (LoggerApp.java:12) - Warn
ERROR 2021-06-14 17:21:55 [main] lesson6.LoggerApp (LoggerApp.java:13) - Error
FATAL 2021-06-14 17:21:55 [main] lesson6.LoggerApp (LoggerApp.java:14) - Fatal
INFO  2021-06-14 17:21:55 [main] lesson6.LoggerApp (LoggerApp.java:15) - String: Hello, World.
INFO  2021-06-14 17:22:11 [main] lesson6.LoggerApp (LoggerApp.java:11) - Info
WARN  2021-06-14 17:22:11 [main] lesson6.LoggerApp (LoggerApp.java:12) - Warn
ERROR 2021-06-14 17:22:12 [main] lesson6.LoggerApp (LoggerApp.java:13) - Error
FATAL 2021-06-14 17:22:13 [main] lesson6.LoggerApp (LoggerApp.java:14) - Fatal
INFO  2021-06-14 17:22:13 [main] lesson6.LoggerApp (LoggerApp.java:15) - String: Hello, World.
INFO  2021-06-14 17:23:31 [main] lesson6.LoggerApp (LoggerApp.java:11) - Info
WARN  2021-06-14 17:23:31 [main] lesson6.LoggerApp (LoggerApp.java:12) - Warn
ERROR 2021-06-14 17:23:31 [main] lesson6.LoggerApp (LoggerApp.java:13) - Error
FATAL 2021-06-14 17:23:31 [main] lesson6.LoggerApp (LoggerApp.java:14) - Fatal
INFO  2021-06-14 17:23:31 [main] lesson6.LoggerApp (LoggerApp.java:15) - String: Hello, World.
INFO  2021-06-14 17:23:51 [main] lesson6.LoggerApp (LoggerApp.java:11) - Info
WARN  2021-06-14 17:23:51 [main] lesson6.LoggerApp (LoggerApp.java:12) - Warn
ERROR 2021-06-14 17:23:51 [main] lesson6.LoggerApp (LoggerApp.java:13) - Error
FATAL 2021-06-14 17:23:51 [main] lesson6.LoggerApp (LoggerApp.java:14) - Fatal
INFO  2021-06-14 17:23:51 [main] lesson6.LoggerApp (LoggerApp.java:15) - String: Hello, World.
INFO  2021-06-14 17:25:10 [main] lesson6.LoggerApp (LoggerApp.java:11) - Info
WARN  2021-06-14 17:25:10 [main] lesson6.LoggerApp (LoggerApp.java:12) - Warn
ERROR 2021-06-14 17:25:10 [main] lesson6.LoggerApp (LoggerApp.java:13) - Error
FATAL 2021-06-14 17:25:10 [main] lesson6.LoggerApp (LoggerApp.java:14) - Fatal
INFO  2021-06-14 17:25:10 [main] lesson6.LoggerApp (LoggerApp.java:15) - String: Hello, World.
